<?xml version="1.0" encoding="UTF-8" standalone="no"?><testsuite errors="1" failures="0" name="Servicio web de Gestion de reservas" skipped="0" tests="1" time="11.08" timestamp="2023-01-31 11:33:39"><testcase name="Creacion, modificacion, busqueda y eliminacion de la misma reserva"><error type="net.serenitybdd.core.exceptions.UnrecognisedException"/><system-err>null
com.fasterxml.jackson.databind.exc.UnrecognizedPropertyException.from(UnrecognizedPropertyException.java:61)
com.fasterxml.jackson.databind.DeserializationContext.handleUnknownProperty(DeserializationContext.java:987)
com.fasterxml.jackson.databind.deser.std.StdDeserializer.handleUnknownProperty(StdDeserializer.java:1974)
com.fasterxml.jackson.databind.deser.BeanDeserializerBase.handleUnknownProperty(BeanDeserializerBase.java:1701)
com.fasterxml.jackson.databind.deser.BeanDeserializerBase.handleUnknownVanilla(BeanDeserializerBase.java:1679)
com.fasterxml.jackson.databind.deser.BeanDeserializer.vanillaDeserialize(BeanDeserializer.java:330)
com.fasterxml.jackson.databind.deser.BeanDeserializer.deserialize(BeanDeserializer.java:187)
com.fasterxml.jackson.databind.deser.DefaultDeserializationContext.readRootValue(DefaultDeserializationContext.java:322)
com.fasterxml.jackson.databind.ObjectMapper._readMapAndClose(ObjectMapper.java:4593)
com.fasterxml.jackson.databind.ObjectMapper.readValue(ObjectMapper.java:3548)
io.restassured.internal.path.json.mapping.JsonPathJackson2ObjectDeserializer.deserialize(JsonPathJackson2ObjectDeserializer.groovy:47)
io.restassured.internal.path.json.mapping.JsonObjectDeserializer.deserializeWithJackson2(JsonObjectDeserializer.groovy:98)
io.restassured.internal.path.json.mapping.JsonObjectDeserializer.deserialize(JsonObjectDeserializer.groovy:67)
io.restassured.path.json.JsonPath.jsonStringToObject(JsonPath.java:1072)
io.restassured.path.json.JsonPath.getObject(JsonPath.java:559)
task.booking.UpdateNameClient.performAs(UpdateNameClient.java:57)
stepdefinition.BookingStepDefinition.elUsuarioAdminCorrigueElLastnameDelCliente(BookingStepDefinition.java:30)
io.cucumber.java.Invoker.doInvoke(Invoker.java:66)
io.cucumber.java.Invoker.invoke(Invoker.java:24)
io.cucumber.java.AbstractGlueDefinition.invokeMethod(AbstractGlueDefinition.java:47)
io.cucumber.java.JavaStepDefinition.execute(JavaStepDefinition.java:29)
io.cucumber.core.runner.CoreStepDefinition.execute(CoreStepDefinition.java:66)
io.cucumber.core.runner.PickleStepDefinitionMatch.runStep(PickleStepDefinitionMatch.java:63)
io.cucumber.core.runner.TestStep.executeStep(TestStep.java:86)
io.cucumber.core.runner.TestStep.run(TestStep.java:57)
io.cucumber.core.runner.PickleStepTestStep.run(PickleStepTestStep.java:51)
io.cucumber.core.runner.TestCase.run(TestCase.java:95)
io.cucumber.core.runner.Runner.runPickle(Runner.java:75)
io.cucumber.core.runtime.CucumberExecutionContext.lambda$runTestCase$3(CucumberExecutionContext.java:110)
io.cucumber.core.runtime.RethrowingThrowableCollector.executeAndThrow(RethrowingThrowableCollector.java:23)
io.cucumber.core.runtime.CucumberExecutionContext.runTestCase(CucumberExecutionContext.java:110)
io.cucumber.junit.FeatureRunner.runChild(FeatureRunner.java:144)
io.cucumber.junit.FeatureRunner.runChild(FeatureRunner.java:28)
io.cucumber.junit.FeatureRunner.run(FeatureRunner.java:137)
io.cucumber.junit.CucumberSerenityRunner.runChild(CucumberSerenityRunner.java:259)
io.cucumber.junit.CucumberSerenityRunner.runChild(CucumberSerenityRunner.java:58)
worker.org.gradle.process.internal.worker.GradleWorkerMain.run(GradleWorkerMain.java:69)
worker.org.gradle.process.internal.worker.GradleWorkerMain.main(GradleWorkerMain.java:74)
</system-err></testcase></testsuite>