<?xml version="1.0" encoding="UTF-8" standalone="no"?><testsuite errors="0" failures="0" name="Servicio web de Gestion de reservas" skipped="3" tests="4" time="0.4" timestamp="2023-01-31 08:40:15"><testcase name="Creacion, modificacion, busqueda y eliminacion de la misma reserva"><skipped/></testcase><testcase name="Creacion y busqueda de una reserva usando el nombre del cliente"><skipped/></testcase><testcase name="Creacion, busqueda de una reserva usando la fecha de checkin"><skipped/></testcase><testcase name="Actualizacion total de reserva para cliente"/></testsuite>